2019-11-19 13:49:15.6612 | INFO | class: UserService.MoveNext | message: User was not found. | exception: UpdateNotator.Domain.Core.Users.UserNotFoundException: User was not found.
   at UpdateNotator.Application.ApplicationServices.User.UserService.GetUser(String username, String password) in D:\my_folder\UpdateNotator\UpdateNotator.Application.ApplicationServices\User\UserService.cs:line 61
2019-11-19 14:39:57.6635 | ERROR | class: EntryService.MoveNext | message: Invalid format of Url | exception: UpdateNotator.Domain.Core.Entries.InvalidUrlException: Invalid format of Url
   at UpdateNotator.Domain.Core.Entries.Link..ctor(String url, String name) in D:\my_folder\UpdateNotator\UpdateNotator.Domain.Core\Entries\Link.cs:line 30
   at UpdateNotator.Domain.Core.Entries.Entry.AddLink(String url, String name) in D:\my_folder\UpdateNotator\UpdateNotator.Domain.Core\Entries\Entry.cs:line 63
   at UpdateNotator.Application.ApplicationServices.Entry.EntryService.<>c__DisplayClass4_0.<CreateEntry>b__0(LinkDto m) in D:\my_folder\UpdateNotator\UpdateNotator.Application.ApplicationServices\Entry\EntryService.cs:line 44
   at System.Collections.Generic.List`1.ForEach(Action`1 action)
   at UpdateNotator.Application.ApplicationServices.Entry.EntryService.CreateEntry(String userName, Guid topicId, EntryDto innerEntry) in D:\my_folder\UpdateNotator\UpdateNotator.Application.ApplicationServices\Entry\EntryService.cs:line 42
2019-11-19 15:12:32.1990 | ERROR | class: EntryService.MoveNext | message: Collection is read-only. | exception: System.NotSupportedException: Collection is read-only.
   at Microsoft.EntityFrameworkCore.Metadata.Internal.ClrICollectionAccessor`3.Add(Object instance, Object value)
   at Microsoft.EntityFrameworkCore.ChangeTracking.Internal.InternalEntityEntry.AddToCollection(INavigation navigation, InternalEntityEntry value)
   at Microsoft.EntityFrameworkCore.ChangeTracking.Internal.NavigationFixer.AddToCollection(InternalEntityEntry entry, INavigation navigation, InternalEntityEntry value)
   at Microsoft.EntityFrameworkCore.ChangeTracking.Internal.NavigationFixer.ToDependentFixup(InternalEntityEntry dependentEntry, InternalEntityEntry principalEntry, IForeignKey foreignKey)
   at Microsoft.EntityFrameworkCore.ChangeTracking.Internal.NavigationFixer.InitialFixup(InternalEntityEntry entry, ISet`1 handledForeignKeys, Boolean fromQuery)
   at Microsoft.EntityFrameworkCore.ChangeTracking.Internal.NavigationFixer.TrackedFromQuery(InternalEntityEntry entry, ISet`1 handledForeignKeys)
   at Microsoft.EntityFrameworkCore.ChangeTracking.Internal.InternalEntityEntryNotifier.TrackedFromQuery(InternalEntityEntry entry, ISet`1 handledForeignKeys)
   at Microsoft.EntityFrameworkCore.ChangeTracking.Internal.InternalEntityEntry.MarkUnchangedFromQuery(ISet`1 handledForeignKeys)
   at Microsoft.EntityFrameworkCore.ChangeTracking.Internal.StateManager.StartTrackingFromQuery(IEntityType baseEntityType, Object entity, ValueBuffer& valueBuffer, ISet`1 handledForeignKeys)
   at Microsoft.EntityFrameworkCore.Query.Internal.QueryBuffer.StartTracking(Object entity, IEntityType entityType)
   at Microsoft.EntityFrameworkCore.Query.Internal.QueryBuffer.IncludeCollectionAsync[TEntity,TRelated,TElement](Int32 includeId, INavigation navigation, INavigation inverseNavigation, IEntityType targetEntityType, IClrCollectionAccessor clrCollectionAccessor, IClrPropertySetter inverseClrPropertySetter, Boolean tracking, TEntity entity, Func`1 relatedEntitiesFactory, Func`3 joinPredicate, CancellationToken cancellationToken)
   at Microsoft.EntityFrameworkCore.Query.Internal.IncludeCompiler._IncludeAsync[TEntity](QueryContext queryContext, TEntity entity, Object[] included, Func`5 fixup, CancellationToken cancellationToken)
   at Microsoft.EntityFrameworkCore.Query.ExpressionVisitors.Internal.TaskLiftingExpressionVisitor._ExecuteAsync[T](IReadOnlyList`1 taskFactories, Func`2 selector)
   at Microsoft.EntityFrameworkCore.Query.Internal.AsyncLinqOperatorProvider.AsyncSelectEnumerable`2.AsyncSelectEnumerator.MoveNext(CancellationToken cancellationToken)
   at System.Linq.AsyncEnumerable.SelectEnumerableAsyncIterator`2.MoveNextCore(CancellationToken cancellationToken) in D:\a\1\s\Ix.NET\Source\System.Interactive.Async\Select.cs:line 106
   at System.Linq.AsyncEnumerable.AsyncIterator`1.MoveNext(CancellationToken cancellationToken) in D:\a\1\s\Ix.NET\Source\System.Interactive.Async\AsyncIterator.cs:line 98
   at Microsoft.EntityFrameworkCore.Query.Internal.AsyncLinqOperatorProvider.ExceptionInterceptor`1.EnumeratorExceptionInterceptor.MoveNext(CancellationToken cancellationToken)
   at System.Linq.AsyncEnumerable.Aggregate_[TSource,TAccumulate,TResult](IAsyncEnumerable`1 source, TAccumulate seed, Func`3 accumulator, Func`2 resultSelector, CancellationToken cancellationToken) in D:\a\1\s\Ix.NET\Source\System.Interactive.Async\Aggregate.cs:line 120
   at UpdateNotator.Infrasructure.Data.EFRepository`1.GetWhere(Specification`1 specification) in D:\my_folder\UpdateNotator\UpdateNotator.Infrasructure.Data\Repository.cs:line 33
   at UpdateNotator.Application.ApplicationServices.Entry.EntryService.GetEntries(String userName, Guid topicId) in D:\my_folder\UpdateNotator\UpdateNotator.Application.ApplicationServices\Entry\EntryService.cs:line 73
2019-11-19 15:14:08.5554 | ERROR | class: EntryService.MoveNext | message: Collection is read-only. | exception: System.NotSupportedException: Collection is read-only.
   at Microsoft.EntityFrameworkCore.Metadata.Internal.ClrICollectionAccessor`3.Add(Object instance, Object value)
   at Microsoft.EntityFrameworkCore.ChangeTracking.Internal.InternalEntityEntry.AddToCollection(INavigation navigation, InternalEntityEntry value)
   at Microsoft.EntityFrameworkCore.ChangeTracking.Internal.NavigationFixer.AddToCollection(InternalEntityEntry entry, INavigation navigation, InternalEntityEntry value)
   at Microsoft.EntityFrameworkCore.ChangeTracking.Internal.NavigationFixer.ToDependentFixup(InternalEntityEntry dependentEntry, InternalEntityEntry principalEntry, IForeignKey foreignKey)
   at Microsoft.EntityFrameworkCore.ChangeTracking.Internal.NavigationFixer.InitialFixup(InternalEntityEntry entry, ISet`1 handledForeignKeys, Boolean fromQuery)
   at Microsoft.EntityFrameworkCore.ChangeTracking.Internal.NavigationFixer.TrackedFromQuery(InternalEntityEntry entry, ISet`1 handledForeignKeys)
   at Microsoft.EntityFrameworkCore.ChangeTracking.Internal.InternalEntityEntryNotifier.TrackedFromQuery(InternalEntityEntry entry, ISet`1 handledForeignKeys)
   at Microsoft.EntityFrameworkCore.ChangeTracking.Internal.InternalEntityEntry.MarkUnchangedFromQuery(ISet`1 handledForeignKeys)
   at Microsoft.EntityFrameworkCore.ChangeTracking.Internal.StateManager.StartTrackingFromQuery(IEntityType baseEntityType, Object entity, ValueBuffer& valueBuffer, ISet`1 handledForeignKeys)
   at Microsoft.EntityFrameworkCore.Query.Internal.QueryBuffer.StartTracking(Object entity, IEntityType entityType)
   at Microsoft.EntityFrameworkCore.Query.Internal.QueryBuffer.IncludeCollectionAsync[TEntity,TRelated,TElement](Int32 includeId, INavigation navigation, INavigation inverseNavigation, IEntityType targetEntityType, IClrCollectionAccessor clrCollectionAccessor, IClrPropertySetter inverseClrPropertySetter, Boolean tracking, TEntity entity, Func`1 relatedEntitiesFactory, Func`3 joinPredicate, CancellationToken cancellationToken)
   at Microsoft.EntityFrameworkCore.Query.Internal.IncludeCompiler._IncludeAsync[TEntity](QueryContext queryContext, TEntity entity, Object[] included, Func`5 fixup, CancellationToken cancellationToken)
   at Microsoft.EntityFrameworkCore.Query.ExpressionVisitors.Internal.TaskLiftingExpressionVisitor._ExecuteAsync[T](IReadOnlyList`1 taskFactories, Func`2 selector)
   at Microsoft.EntityFrameworkCore.Query.Internal.AsyncLinqOperatorProvider.AsyncSelectEnumerable`2.AsyncSelectEnumerator.MoveNext(CancellationToken cancellationToken)
   at System.Linq.AsyncEnumerable.SelectEnumerableAsyncIterator`2.MoveNextCore(CancellationToken cancellationToken) in D:\a\1\s\Ix.NET\Source\System.Interactive.Async\Select.cs:line 106
   at System.Linq.AsyncEnumerable.AsyncIterator`1.MoveNext(CancellationToken cancellationToken) in D:\a\1\s\Ix.NET\Source\System.Interactive.Async\AsyncIterator.cs:line 98
   at Microsoft.EntityFrameworkCore.Query.Internal.AsyncLinqOperatorProvider.ExceptionInterceptor`1.EnumeratorExceptionInterceptor.MoveNext(CancellationToken cancellationToken)
   at System.Linq.AsyncEnumerable.Aggregate_[TSource,TAccumulate,TResult](IAsyncEnumerable`1 source, TAccumulate seed, Func`3 accumulator, Func`2 resultSelector, CancellationToken cancellationToken) in D:\a\1\s\Ix.NET\Source\System.Interactive.Async\Aggregate.cs:line 120
   at UpdateNotator.Infrasructure.Data.EFRepository`1.GetWhere(Specification`1 specification) in D:\my_folder\UpdateNotator\UpdateNotator.Infrasructure.Data\Repository.cs:line 33
   at UpdateNotator.Application.ApplicationServices.Entry.EntryService.GetEntries(String userName, Guid topicId) in D:\my_folder\UpdateNotator\UpdateNotator.Application.ApplicationServices\Entry\EntryService.cs:line 73
