2019-11-08 11:16:05.6008 | ERROR | class: UserService.MoveNext | message: The navigation property 'Topics' on the entity type 'User' does not have a setter and no writable backing field was found or specified. Read-only collection navigation properties must be initialized before use. | exception: System.InvalidOperationException: The navigation property 'Topics' on the entity type 'User' does not have a setter and no writable backing field was found or specified. Read-only collection navigation properties must be initialized before use.
   at Microsoft.EntityFrameworkCore.Metadata.Internal.ClrICollectionAccessor`3.GetOrCreateCollection(Object instance)
   at Microsoft.EntityFrameworkCore.Metadata.Internal.ClrICollectionAccessor`3.GetOrCreate(Object instance)
   at Microsoft.EntityFrameworkCore.Query.Internal.QueryBuffer.IncludeCollectionAsync[TEntity,TRelated,TElement](Int32 includeId, INavigation navigation, INavigation inverseNavigation, IEntityType targetEntityType, IClrCollectionAccessor clrCollectionAccessor, IClrPropertySetter inverseClrPropertySetter, Boolean tracking, TEntity entity, Func`1 relatedEntitiesFactory, Func`3 joinPredicate, CancellationToken cancellationToken)
   at Microsoft.EntityFrameworkCore.Query.Internal.IncludeCompiler._IncludeAsync[TEntity](QueryContext queryContext, TEntity entity, Object[] included, Func`5 fixup, CancellationToken cancellationToken)
   at Microsoft.EntityFrameworkCore.Query.ExpressionVisitors.Internal.TaskLiftingExpressionVisitor._ExecuteAsync[T](IReadOnlyList`1 taskFactories, Func`2 selector)
   at Microsoft.EntityFrameworkCore.Query.Internal.AsyncLinqOperatorProvider.AsyncSelectEnumerable`2.AsyncSelectEnumerator.MoveNext(CancellationToken cancellationToken)
   at System.Linq.AsyncEnumerable.FirstOrDefault_[TSource](IAsyncEnumerable`1 source, CancellationToken cancellationToken) in D:\a\1\s\Ix.NET\Source\System.Interactive.Async\First.cs:line 144
   at Microsoft.EntityFrameworkCore.Query.Internal.AsyncLinqOperatorProvider.TaskResultAsyncEnumerable`1.Enumerator.MoveNext(CancellationToken cancellationToken)
   at System.Linq.AsyncEnumerable.SelectEnumerableAsyncIterator`2.MoveNextCore(CancellationToken cancellationToken) in D:\a\1\s\Ix.NET\Source\System.Interactive.Async\Select.cs:line 106
   at System.Linq.AsyncEnumerable.AsyncIterator`1.MoveNext(CancellationToken cancellationToken) in D:\a\1\s\Ix.NET\Source\System.Interactive.Async\AsyncIterator.cs:line 98
   at Microsoft.EntityFrameworkCore.Query.Internal.AsyncLinqOperatorProvider.ExceptionInterceptor`1.EnumeratorExceptionInterceptor.MoveNext(CancellationToken cancellationToken)
   at Microsoft.EntityFrameworkCore.Query.Internal.QueryCompiler.ExecuteSingletonAsyncQuery[TResult](QueryContext queryContext, Func`2 compiledQuery, IDiagnosticsLogger`1 logger, Type contextType)
   at UpdateNotator.Application.ApplicationServices.User.UserService.GetUser(String username, String password) in D:\my_folder\UpdateNotator\UpdateNotator.Application.ApplicationServices\User\UserService.cs:line 60
2019-11-08 11:16:43.3380 | ERROR | class: UserService.MoveNext | message: The navigation property 'Topics' on the entity type 'User' does not have a setter and no writable backing field was found or specified. Read-only collection navigation properties must be initialized before use. | exception: System.InvalidOperationException: The navigation property 'Topics' on the entity type 'User' does not have a setter and no writable backing field was found or specified. Read-only collection navigation properties must be initialized before use.
   at Microsoft.EntityFrameworkCore.Metadata.Internal.ClrICollectionAccessor`3.GetOrCreateCollection(Object instance)
   at Microsoft.EntityFrameworkCore.Metadata.Internal.ClrICollectionAccessor`3.GetOrCreate(Object instance)
   at Microsoft.EntityFrameworkCore.Query.Internal.QueryBuffer.IncludeCollectionAsync[TEntity,TRelated,TElement](Int32 includeId, INavigation navigation, INavigation inverseNavigation, IEntityType targetEntityType, IClrCollectionAccessor clrCollectionAccessor, IClrPropertySetter inverseClrPropertySetter, Boolean tracking, TEntity entity, Func`1 relatedEntitiesFactory, Func`3 joinPredicate, CancellationToken cancellationToken)
   at Microsoft.EntityFrameworkCore.Query.Internal.IncludeCompiler._IncludeAsync[TEntity](QueryContext queryContext, TEntity entity, Object[] included, Func`5 fixup, CancellationToken cancellationToken)
   at Microsoft.EntityFrameworkCore.Query.ExpressionVisitors.Internal.TaskLiftingExpressionVisitor._ExecuteAsync[T](IReadOnlyList`1 taskFactories, Func`2 selector)
   at Microsoft.EntityFrameworkCore.Query.Internal.AsyncLinqOperatorProvider.AsyncSelectEnumerable`2.AsyncSelectEnumerator.MoveNext(CancellationToken cancellationToken)
   at System.Linq.AsyncEnumerable.FirstOrDefault_[TSource](IAsyncEnumerable`1 source, CancellationToken cancellationToken) in D:\a\1\s\Ix.NET\Source\System.Interactive.Async\First.cs:line 144
   at Microsoft.EntityFrameworkCore.Query.Internal.AsyncLinqOperatorProvider.TaskResultAsyncEnumerable`1.Enumerator.MoveNext(CancellationToken cancellationToken)
   at System.Linq.AsyncEnumerable.SelectEnumerableAsyncIterator`2.MoveNextCore(CancellationToken cancellationToken) in D:\a\1\s\Ix.NET\Source\System.Interactive.Async\Select.cs:line 106
   at System.Linq.AsyncEnumerable.AsyncIterator`1.MoveNext(CancellationToken cancellationToken) in D:\a\1\s\Ix.NET\Source\System.Interactive.Async\AsyncIterator.cs:line 98
   at Microsoft.EntityFrameworkCore.Query.Internal.AsyncLinqOperatorProvider.ExceptionInterceptor`1.EnumeratorExceptionInterceptor.MoveNext(CancellationToken cancellationToken)
   at Microsoft.EntityFrameworkCore.Query.Internal.QueryCompiler.ExecuteSingletonAsyncQuery[TResult](QueryContext queryContext, Func`2 compiledQuery, IDiagnosticsLogger`1 logger, Type contextType)
   at UpdateNotator.Application.ApplicationServices.User.UserService.GetUser(String username, String password) in D:\my_folder\UpdateNotator\UpdateNotator.Application.ApplicationServices\User\UserService.cs:line 60
2019-11-08 11:19:43.6754 | INFO | class: UserService.MoveNext | message: User was not found. | exception: UpdateNotator.Domain.Core.Users.UserNotFoundException: User was not found.
   at UpdateNotator.Application.ApplicationServices.User.UserService.GetUser(String username, String password) in D:\my_folder\UpdateNotator\UpdateNotator.Application.ApplicationServices\User\UserService.cs:line 66
2019-11-08 11:27:29.6046 | INFO | class: UserService.MoveNext | message: User was not found. | exception: UpdateNotator.Domain.Core.Users.UserNotFoundException: User was not found.
   at UpdateNotator.Application.ApplicationServices.User.UserService.GetUser(String username, String password) in D:\my_folder\UpdateNotator\UpdateNotator.Application.ApplicationServices\User\UserService.cs:line 66
